[2020-09-14 18:05:38][SQL] --- SELECT * FROM functions WHERE sf_module='image' AND sf_action='code' LIMIT 1

[2020-09-14 18:07:36][SQL] --- SELECT * FROM functions WHERE sf_module='image' AND sf_action='code' LIMIT 1

[2020-09-14 18:09:17][SQL] --- SELECT * FROM functions WHERE sf_module='image' AND sf_action='code' LIMIT 1

[2020-09-14 18:33:49][SQL] --- SELECT * FROM functions WHERE sf_module='image' AND sf_action='code' LIMIT 1

[2020-09-14 18:51:00][SQL] --- SELECT u.*, s.fullname staff_name, s.mobile, s.job_number, s.job_title, s.job_email
                FROM users u
                  LEFT JOIN own.staff s ON u.staff_id=s.staff_id
                WHERE u.username='zhangjingjing' LIMIT 1

[2020-09-14 18:51:00][SQL] --- SELECT sf_id FROM functions WHERE sf_module='home' AND sf_action='loginpost' LIMIT 1

[2020-09-14 18:51:00][SQL]user_logs --- INSERT INTO user_logs SET su_id='363',sf_id='1',ul_remark='[张晶晶] 登录OMS系统。',ul_time=NOW(),ul_ip='172.18.0.1'

[2020-09-14 18:51:00][SQL] --- SELECT COUNT(*) cnt FROM biz.company WHERE status>=1 AND create_time>='2020-09-14 00:00:00' AND create_time<='2020-09-14 23:59:59' LIMIT 1

[2020-09-14 18:51:00][SQL] --- SELECT COUNT(*) cnt FROM contract.sales WHERE status>=1 AND create_time>='2020-09-14 00:00:00' AND create_time<='2020-09-14 23:59:59' LIMIT 1

[2020-09-14 18:51:00][SQL] --- SELECT COUNT(*) cnt FROM osp.station WHERE create_time>='2020-09-14 00:00:00' AND create_time<='2020-09-14 23:59:59' LIMIT 1

[2020-09-14 18:51:00][SQL] --- SELECT COUNT(*) cnt FROM osp.station WHERE status IN (0,1) LIMIT 1

[2020-09-14 18:51:00][SQL] --- SELECT COUNT(*) cnt FROM app.member WHERE status>=1 AND create_time>='2020-09-14 00:00:00' AND create_time<='2020-09-14 23:59:59' LIMIT 1

[2020-09-14 18:51:00][SQL] --- SELECT COUNT(*) cnt FROM sales.retail WHERE status=3 AND create_time>='2020-09-14 00:00:00' AND create_time<='2020-09-14 23:59:59' LIMIT 1

[2020-09-14 18:51:00][SQL] --- SELECT COUNT(*) FROM user_logs ul WHERE ul.su_id=363 LIMIT 1

[2020-09-14 18:51:00][SQL] --- SELECT ul.*, u.username, f.sf_name
                    FROM user_logs ul
                      LEFT JOIN users u ON ul.su_id=u.user_id
                      LEFT JOIN functions f ON ul.sf_id=f.sf_id
                    WHERE ul.su_id=363
                    ORDER BY ul.ul_id DESC LIMIT 0, 15

[2020-09-14 18:51:00][SQL] --- SELECT u.*, s.fullname staff_name, s.mobile, s.job_number, s.job_title, s.job_email
                FROM users u
                  LEFT JOIN own.staff s ON u.staff_id=s.staff_id
                WHERE u.user_id=363 LIMIT 1

[2020-09-14 18:51:00][SQL] --- SELECT * FROM functions WHERE sf_menu_on=1 AND sf_status>=0 ORDER BY sf_app,sf_module_name,sf_menu_order

[2020-09-14 18:51:05][SQL] --- SELECT * FROM functions WHERE sf_module='order' AND sf_action='osplist' LIMIT 1

[2020-09-14 18:51:05][SQL] --- SELECT *
        FROM system.meta
        WHERE meta_group='force:change:pwd' AND meta_key='userid:363' AND status='1' AND delete_flag='0' LIMIT 1


2020-09-14T18:51:05+08:00 [REQ]-- /Order/OspList/out/view/
[ReqBody] --{"out":"view"}
[User] --{"id":"363","username":"zhangjingjing","sa":true,"staffId":"694","staffName":"张晶晶"}

-------------------
[2020-09-14 18:51:05][SQL] --- SELECT team_id from own.bd_member WHERE staff_id=694 LIMIT 1

[2020-09-14 18:51:05][SQL] --- SELECT team_id from own.bd_team WHERE team_head=694 LIMIT 1


2020-09-14T18:51:05+08:00 bdPriv[148]-- {"sa":true,"staff_id":"694","staff_tid":0}
-------------------
[2020-09-14 18:51:05][SQL] --- SELECT COUNT( DISTINCT o.order_id ) 
                    FROM sales.retail o 
                      LEFT JOIN osp.station n ON n.oss_id=o.oss_id 
                      LEFT JOIN activity.sales_bill_order_rebate aso ON o.order_id = aso.order_id 
                      LEFT JOIN biz.employee e ON e.employee_id=o.employee_id
                    WHERE o.status=-100 AND o.is_serv_order in (1,3,11) AND o.delete_flag = 0  LIMIT 1

[2020-09-14 18:51:05][SQL] --- SELECT rg_id rid, rg_name rname FROM common.region WHERE parent_id=1 AND status>=1 ORDER BY rg_rank DESC, rg_id

[2020-09-14 18:51:07][SQL] --- SELECT * FROM functions WHERE sf_module='order' AND sf_action='osplist' LIMIT 1

[2020-09-14 18:51:07][SQL] --- SELECT *
        FROM system.meta
        WHERE meta_group='force:change:pwd' AND meta_key='userid:363' AND status='1' AND delete_flag='0' LIMIT 1


2020-09-14T18:51:07+08:00 [REQ]-- /order/OspList/out/view/
[ReqBody] --{"out":"view","oc_id":"","sp_id":"","sps_id":"","spe_id":"","c_appId":"","date1":"","date2":"","spe_eMobile":"","employee_mobile":"","province":"0","city":"0","sp_cName":"","oc_cName":"","ao_code":"","sku":"100","sn":"202009141129512636265219","sps_sName":"","c_appName":"","status":"100","mode_type":"100","channelId":"","type":"100"}
[User] --{"id":"363","username":"zhangjingjing","sa":true,"staffId":"694","staffName":"张晶晶"}

-------------------
[2020-09-14 18:51:07][SQL] --- SELECT team_id from own.bd_member WHERE staff_id=694 LIMIT 1

[2020-09-14 18:51:07][SQL] --- SELECT team_id from own.bd_team WHERE team_head=694 LIMIT 1


2020-09-14T18:51:07+08:00 bdPriv[148]-- {"sa":true,"staff_id":"694","staff_tid":0}
-------------------
[2020-09-14 18:51:07][SQL] --- SELECT COUNT( DISTINCT o.order_id ) 
                    FROM sales.retail o 
                      LEFT JOIN osp.station n ON n.oss_id=o.oss_id 
                      LEFT JOIN activity.sales_bill_order_rebate aso ON o.order_id = aso.order_id 
                      LEFT JOIN biz.employee e ON e.employee_id=o.employee_id
                    WHERE o.order_sn LIKE '202009141129512636265219%' AND o.is_serv_order in (1,3,11) AND o.delete_flag = 0  LIMIT 1

[2020-09-14 18:51:07][SQL] --- SELECT o.*, e.employee_name, e.employee_mobile, b.branch_name, c.company_name, c.company_shortname, r.rg_name city_name,
                                p.osp_shortname, p.osp_name, n.oss_name, f.staff_name, f.staff_mobile, k.sku_name,IFNULL(t.truck_number,'-') truck_number, aso.oss_type,
                                IFNULL(m.create_time,'') pay_time , IFNULL(bo.rebate_amount,0) used_rebate_amount
                                
                        FROM sales.retail o
                          LEFT JOIN biz.employee e ON e.employee_id=o.employee_id
                          LEFT JOIN biz.company_branch b ON b.cb_id=o.branch_id
                          LEFT JOIN biz.company c ON c.company_id=o.company_id
                          LEFT JOIN common.region r ON r.rg_id=o.city_id
                          LEFT JOIN osp.company p ON p.osp_id=o.osp_id
                          LEFT JOIN osp.station n ON n.oss_id=o.oss_id
                          LEFT JOIN osp.station_staff f ON f.staff_id=o.staff_id
                          LEFT JOIN common.product_sku k ON k.sku_code=o.sku_code
                          LEFT JOIN biz.company_truck t ON o.truck_id=t.truck_id
                          LEFT JOIN activity.sales_bill_order_rebate aso ON o.order_id = aso.order_id AND aso.delete_flag=0
                          LEFT JOIN sales.retail_payment m ON o.order_id=m.order_id AND m.pay_status=30
                          LEFT JOIN statement.osp_bill_order bo ON bo.order_id = o.order_id
                          LEFT JOIN sales.retail_extension sre ON sre.order_id = o.order_id
                          
                       WHERE o.order_sn LIKE '202009141129512636265219%' AND o.is_serv_order in (1,3,11) AND o.delete_flag = 0 
                       GROUP BY o.order_id
                       ORDER BY o.order_id DESC LIMIT 0, 20

[2020-09-14 18:51:07][SQL] --- SELECT * FROM sales.retail_extension where order_id IN (1188201)

[2020-09-14 18:51:07][SQL] --- SELECT o.*,n.con_id
        FROM statement.osp_bill_order o
        LEFT JOIN statement.osp_bill b ON o.bill_id=b.bill_id
        LEFT JOIN contract.osp_station n ON o.cos_id=n.cos_id
        WHERE o.order_id IN (1188201) AND o.delete_flag=0

[2020-09-14 18:51:07][SQL] --- SELECT channel_id,channel_shortname,channel_name FROM partner.channel WHERE channel_id=7 LIMIT 1

[2020-09-14 18:51:07][SQL] --- SELECT o.*, c.company_name
                FROM account.oil o
                  LEFT JOIN biz.company c ON c.company_id=o.company_id
                WHERE o.ao_id=0 LIMIT 1

[2020-09-14 18:51:07][SQL] --- SELECT o.*,n.con_id
        FROM statement.osp_bill_order o
        LEFT JOIN statement.osp_bill b ON o.bill_id=b.bill_id
        LEFT JOIN contract.osp_station n ON o.cos_id=n.cos_id
        WHERE o.order_id IN (1188201) AND o.delete_flag=0

[2020-09-14 18:51:07][SQL] --- SELECT rg_id rid, rg_name rname FROM common.region WHERE parent_id=1 AND status>=1 ORDER BY rg_rank DESC, rg_id

[2020-09-14 18:51:10][SQL] --- SELECT * FROM functions WHERE sf_module='order' AND sf_action='salesdetails' LIMIT 1

[2020-09-14 18:51:10][SQL] --- SELECT *
        FROM system.meta
        WHERE meta_group='force:change:pwd' AND meta_key='userid:363' AND status='1' AND delete_flag='0' LIMIT 1


2020-09-14T18:51:10+08:00 [REQ]-- /order/SalesDetails/id/1188201/
[ReqBody] --{"id":"1188201"}
[User] --{"id":"363","username":"zhangjingjing","sa":true,"staffId":"694","staffName":"张晶晶"}

-------------------
[2020-09-14 18:51:10][SQL] --- SELECT o.*,re.price_settlement, e.employee_name, e.employee_mobile, b.branch_name, c.company_name, c.company_shortname, r.rg_name city_name,re.third_flag,
                        p.osp_shortname, n.oss_name, n.opposite_station_flag, op.oss_shortname as opposite_oss_shortname, f.staff_name, f.staff_mobile, k.sku_name,p.osp_name,
                        pc.channel_shortname
                FROM sales.retail o
                  LEFT JOIN biz.employee e ON e.employee_id=o.employee_id
                  LEFT JOIN biz.company_branch b ON b.cb_id=o.branch_id
                  LEFT JOIN biz.company c ON c.company_id=o.company_id
                  LEFT JOIN common.region r ON r.rg_id=o.city_id
                  LEFT JOIN osp.company p ON p.osp_id=o.osp_id
                  LEFT JOIN osp.station n ON n.oss_id=o.oss_id
                  LEFT JOIN osp.station op ON op.oss_id=n.opposite_station_id
                  LEFT JOIN osp.station_staff f ON f.staff_id=o.staff_id
                  LEFT JOIN common.product_sku k ON k.sku_code=o.sku_code
                  LEFT JOIN sales.retail_extension re ON re.order_id = o.order_id
                  LEFT JOIN partner.channel pc ON pc.channel_id = o.channel_id
            WHERE o.order_id=1188201 LIMIT 1

[2020-09-14 18:51:10][SQL] --- SELECT o.*, c.company_name
                FROM account.oil o
                  LEFT JOIN biz.company c ON c.company_id=o.company_id
                WHERE o.ao_id=0 LIMIT 1

[2020-09-14 18:51:10][SQL] --- SELECT s.* FROM statement.sales_bill_order s WHERE s.order_id=1188201 AND s.delete_flag=0 LIMIT 1

[2020-09-14 18:51:10][SQL] --- SELECT *
        FROM sales.retail_payment
         WHERE order_id=1188201 AND pay_status=30 LIMIT 1

[2020-09-14 18:51:10][SQL] --- SELECT * FROM partner.channel WHERE channel_id=7 AND delete_flag=0 AND channel_id=7 LIMIT 1

[2020-09-14 18:51:10][SQL] --- SELECT * FROM biz.company WHERE company_id=0 AND delete_flag=0 LIMIT 1

[2020-09-14 18:51:10][SQL] --- SELECT o.*,n.con_id
        FROM statement.osp_bill_order o
        LEFT JOIN statement.osp_bill b ON o.bill_id=b.bill_id
        LEFT JOIN contract.osp_station n ON o.cos_id=n.cos_id
        WHERE o.order_id=1188201 AND o.delete_flag=0 LIMIT 1

[2020-09-14 18:51:10][SQL] --- SELECT o.*,n.con_id
        FROM statement.osp_bill_order o
        LEFT JOIN statement.osp_bill b ON o.bill_id=b.bill_id
        LEFT JOIN contract.osp_station n ON o.cos_id=n.cos_id
        WHERE o.order_id=1188201 AND o.delete_flag=0 LIMIT 1

[2020-09-14 18:51:10][SQL] --- SELECT s.*,t.unit
                FROM common.product_sku s
                LEFT JOIN common.product t ON s.pro_id=t.pro_id
                WHERE s.sku_code IN ('G092G05') LIMIT 1

[2020-09-14 18:51:10][SQL] --- SELECT oss_type FROM activity.sales_bill_order_rebate WHERE order_id = 1188201 LIMIT 1

[2020-09-14 18:51:10][SQL] --- SELECT  n.*,ost.oss_name as opposite_oss_name,ost.oss_shortname as opposite_oss_shortname,ost.osp_id as opposite_osp_id, c.osp_name, c.osp_shortname, r1.rg_name province_name, r2.rg_name city_name,
                        cc.fullname contacts_name, cc.mobile contacts_mobile, cc.email contacts_email, cc.weixin contacts_weixin,
                        osf.fullname staff_name, osf.mobile staff_mobile, osf.job_email staff_job_email, ao.ao_code, ao.ao_balance,osff.fullname operation_staff_name,osff.mobile operation_staff_mobile, osff.job_email operation_staff_job_email,
                        n.merge_reconciliation as st_merge_reconciliation, n.opposite_station_id as st_opposite_station_id
                FROM osp.station n
                LEFT JOIN osp.station ost ON ost.oss_id = n.opposite_station_id
                  LEFT JOIN osp.company c ON c.osp_id=n.osp_id
                  LEFT JOIN common.region r1 ON r1.rg_id=n.province_id
                  LEFT JOIN common.region r2 ON r2.rg_id=n.city_id
                  LEFT JOIN osp.company_contacts cc ON cc.contacts_id=n.contacts_id
                  LEFT JOIN own.staff osf ON osf.staff_id=n.staff_id
                  LEFT JOIN own.staff osff ON osff.staff_id=n.operation_staff_id
                  LEFT JOIN account.oil ao ON ao.ao_id=n.ao_id
                  WHERE n.oss_id=749 LIMIT 1

[2020-09-14 18:51:10][SQL] --- SELECT * FROM osd.app_matching WHERE delete_flag=0 AND oss_source=17 LIMIT 1

[2020-09-14 18:51:10][LocalBaseLog] --- {"version":"1.0.0","traceId":"OMS.20200914185110284540","currentTime":"20200914185110284543","servant":"oms-noservant@local","param":{"traceId":"OMS.20200914185110179176","version":"1.0.0","method":"purchase.code","server":"api.openOsd.tarsObj","params":"{\"orderSn\":\"202009141129512636265219\",\"appId\":\"5004\"}","action":"get"},"resp":1,"ip":"172.18.0.1"}
[2020-09-14 18:51:10][SQL] --- SELECT station.oss_id, setting.set_val FROM osd.station_matching station INNER JOIN osd.station_settings_matching setting ON (station.app_id = setting.app_id AND station.dsm_code=setting.dsm_code) WHERE station.status=1 AND station.delete_flag=0 AND station.app_id=5004 AND station.oss_id=749 LIMIT 1

[2020-09-14 18:51:10][SQL] --- SELECT COUNT(*) FROM sales.retail_maintenance sm LEFT JOIN sales.retail o ON o.order_id=sm.order_id WHERE sm.order_id=1188201 LIMIT 1

[2020-09-14 18:51:10][SQL] --- SELECT sm.*,o.order_sn,o.sku_code, o.sku_list_price, o.sku_price, o.sku_litre, o.amount order_amount, o.oil_amount, o.payment_amount order_payment, s.fullname staff_name
                    FROM sales.retail_maintenance sm
                      LEFT JOIN sales.retail o ON o.order_id=sm.order_id
                      LEFT JOIN own.staff s ON s.staff_id=sm.staff_id
                    WHERE sm.order_id=1188201
                    ORDER BY sm.id DESC LIMIT 0, 20

[2020-09-14 18:51:11][SQL] --- SELECT * FROM functions WHERE sf_module='order' AND sf_action='thirdorderfix' LIMIT 1

[2020-09-14 18:51:11][SQL] --- SELECT *
        FROM system.meta
        WHERE meta_group='force:change:pwd' AND meta_key='userid:363' AND status='1' AND delete_flag='0' LIMIT 1


2020-09-14T18:51:11+08:00 [REQ]-- /order/thirdOrderFix/id/1188201/
[ReqBody] --{"id":"1188201"}
[User] --{"id":"363","username":"zhangjingjing","sa":true,"staffId":"694","staffName":"张晶晶"}

-------------------
[2020-09-14 18:51:11][SQL] --- SELECT o.*,re.price_settlement, e.employee_name, e.employee_mobile, b.branch_name, c.company_name, c.company_shortname, r.rg_name city_name,re.third_flag,
                        p.osp_shortname, n.oss_name, n.opposite_station_flag, op.oss_shortname as opposite_oss_shortname, f.staff_name, f.staff_mobile, k.sku_name,p.osp_name,
                        pc.channel_shortname
                FROM sales.retail o
                  LEFT JOIN biz.employee e ON e.employee_id=o.employee_id
                  LEFT JOIN biz.company_branch b ON b.cb_id=o.branch_id
                  LEFT JOIN biz.company c ON c.company_id=o.company_id
                  LEFT JOIN common.region r ON r.rg_id=o.city_id
                  LEFT JOIN osp.company p ON p.osp_id=o.osp_id
                  LEFT JOIN osp.station n ON n.oss_id=o.oss_id
                  LEFT JOIN osp.station op ON op.oss_id=n.opposite_station_id
                  LEFT JOIN osp.station_staff f ON f.staff_id=o.staff_id
                  LEFT JOIN common.product_sku k ON k.sku_code=o.sku_code
                  LEFT JOIN sales.retail_extension re ON re.order_id = o.order_id
                  LEFT JOIN partner.channel pc ON pc.channel_id = o.channel_id
            WHERE o.order_id=1188201 LIMIT 1

[2020-09-14 18:51:11][SQL] --- SELECT  n.*,ost.oss_name as opposite_oss_name,ost.oss_shortname as opposite_oss_shortname,ost.osp_id as opposite_osp_id, c.osp_name, c.osp_shortname, r1.rg_name province_name, r2.rg_name city_name,
                        cc.fullname contacts_name, cc.mobile contacts_mobile, cc.email contacts_email, cc.weixin contacts_weixin,
                        osf.fullname staff_name, osf.mobile staff_mobile, osf.job_email staff_job_email, ao.ao_code, ao.ao_balance,osff.fullname operation_staff_name,osff.mobile operation_staff_mobile, osff.job_email operation_staff_job_email,
                        n.merge_reconciliation as st_merge_reconciliation, n.opposite_station_id as st_opposite_station_id
                FROM osp.station n
                LEFT JOIN osp.station ost ON ost.oss_id = n.opposite_station_id
                  LEFT JOIN osp.company c ON c.osp_id=n.osp_id
                  LEFT JOIN common.region r1 ON r1.rg_id=n.province_id
                  LEFT JOIN common.region r2 ON r2.rg_id=n.city_id
                  LEFT JOIN osp.company_contacts cc ON cc.contacts_id=n.contacts_id
                  LEFT JOIN own.staff osf ON osf.staff_id=n.staff_id
                  LEFT JOIN own.staff osff ON osff.staff_id=n.operation_staff_id
                  LEFT JOIN account.oil ao ON ao.ao_id=n.ao_id
                  WHERE n.oss_id=749 LIMIT 1

[2020-09-14 18:51:11][SQL] --- SELECT * FROM osd.app_matching WHERE delete_flag=0 AND oss_source=17 LIMIT 1

[2020-09-14 18:51:11][SQL] --- SELECT station.oss_id, setting.set_val FROM osd.station_matching station INNER JOIN osd.station_settings_matching setting ON (station.app_id = setting.app_id AND station.dsm_code=setting.dsm_code) WHERE station.status=1 AND station.delete_flag=0 AND station.app_id=5004 AND station.oss_id=749 LIMIT 1

[2020-09-14 18:51:11][LocalBaseLog] --- {"version":"1.0.0","traceId":"OMS.20200914185111948660","currentTime":"20200914185111948663","servant":"oms-noservant@local","param":{"traceId":"OMS.20200914185111847487","version":"1.0.0","method":"purchase.code","server":"api.openOsd.tarsObj","params":"{\"orderSn\":\"202009141129512636265219\",\"appId\":\"5004\"}","action":"get"},"resp":1,"ip":"172.18.0.1"}
[2020-09-14 18:52:16][SQL] --- SELECT * FROM functions WHERE sf_module='order' AND sf_action='thirdorderfix' LIMIT 1

[2020-09-14 18:52:16][SQL] --- SELECT *
        FROM system.meta
        WHERE meta_group='force:change:pwd' AND meta_key='userid:363' AND status='1' AND delete_flag='0' LIMIT 1


2020-09-14T18:52:16+08:00 [REQ]-- /order/thirdOrderFix/id/1188201/
[ReqBody] --{"id":"1188201"}
[User] --{"id":"363","username":"zhangjingjing","sa":true,"staffId":"694","staffName":"张晶晶"}

-------------------
[2020-09-14 18:52:16][SQL] --- SELECT o.*,re.price_settlement, e.employee_name, e.employee_mobile, b.branch_name, c.company_name, c.company_shortname, r.rg_name city_name,re.third_flag,
                        p.osp_shortname, n.oss_name, n.opposite_station_flag, op.oss_shortname as opposite_oss_shortname, f.staff_name, f.staff_mobile, k.sku_name,p.osp_name,
                        pc.channel_shortname
                FROM sales.retail o
                  LEFT JOIN biz.employee e ON e.employee_id=o.employee_id
                  LEFT JOIN biz.company_branch b ON b.cb_id=o.branch_id
                  LEFT JOIN biz.company c ON c.company_id=o.company_id
                  LEFT JOIN common.region r ON r.rg_id=o.city_id
                  LEFT JOIN osp.company p ON p.osp_id=o.osp_id
                  LEFT JOIN osp.station n ON n.oss_id=o.oss_id
                  LEFT JOIN osp.station op ON op.oss_id=n.opposite_station_id
                  LEFT JOIN osp.station_staff f ON f.staff_id=o.staff_id
                  LEFT JOIN common.product_sku k ON k.sku_code=o.sku_code
                  LEFT JOIN sales.retail_extension re ON re.order_id = o.order_id
                  LEFT JOIN partner.channel pc ON pc.channel_id = o.channel_id
            WHERE o.order_id=1188201 LIMIT 1

[2020-09-14 18:52:16][SQL] --- SELECT  n.*,ost.oss_name as opposite_oss_name,ost.oss_shortname as opposite_oss_shortname,ost.osp_id as opposite_osp_id, c.osp_name, c.osp_shortname, r1.rg_name province_name, r2.rg_name city_name,
                        cc.fullname contacts_name, cc.mobile contacts_mobile, cc.email contacts_email, cc.weixin contacts_weixin,
                        osf.fullname staff_name, osf.mobile staff_mobile, osf.job_email staff_job_email, ao.ao_code, ao.ao_balance,osff.fullname operation_staff_name,osff.mobile operation_staff_mobile, osff.job_email operation_staff_job_email,
                        n.merge_reconciliation as st_merge_reconciliation, n.opposite_station_id as st_opposite_station_id
                FROM osp.station n
                LEFT JOIN osp.station ost ON ost.oss_id = n.opposite_station_id
                  LEFT JOIN osp.company c ON c.osp_id=n.osp_id
                  LEFT JOIN common.region r1 ON r1.rg_id=n.province_id
                  LEFT JOIN common.region r2 ON r2.rg_id=n.city_id
                  LEFT JOIN osp.company_contacts cc ON cc.contacts_id=n.contacts_id
                  LEFT JOIN own.staff osf ON osf.staff_id=n.staff_id
                  LEFT JOIN own.staff osff ON osff.staff_id=n.operation_staff_id
                  LEFT JOIN account.oil ao ON ao.ao_id=n.ao_id
                  WHERE n.oss_id=749 LIMIT 1

[2020-09-14 18:52:16][SQL] --- SELECT * FROM osd.app_matching WHERE delete_flag=0 AND oss_source=17 LIMIT 1

[2020-09-14 18:52:16][SQL] --- SELECT station.oss_id, setting.set_val FROM osd.station_matching station INNER JOIN osd.station_settings_matching setting ON (station.app_id = setting.app_id AND station.dsm_code=setting.dsm_code) WHERE station.status=1 AND station.delete_flag=0 AND station.app_id=5004 AND station.oss_id=749 LIMIT 1

[2020-09-14 18:52:16][LocalBaseLog] --- {"version":"1.0.0","traceId":"OMS.20200914185216186570","currentTime":"20200914185216186574","servant":"oms-noservant@local","param":{"traceId":"OMS.2020091418521673053","version":"1.0.0","method":"purchase.code","server":"api.openOsd.tarsObj","params":"{\"orderSn\":\"202009141129512636265219\",\"appId\":\"5004\"}","action":"get"},"resp":1,"ip":"172.18.0.1"}
